C51 COMPILER V9.00   MAIN                                                                  08/04/2017 18:19:03 PAGE 1   


C51 COMPILER V9.00, COMPILATION OF MODULE MAIN
OBJECT MODULE PLACED IN main.OBJ
COMPILER INVOKED BY: C:\Keil_v4\C51\BIN\C51.EXE main.c BROWSE DEBUG OBJECTEXTEND

line level    source

   1          /*------------------------*/
   2          //傀儡师实验板配套例程
   3          //实验名称：PWM进阶
   4          //作者：zhong
   5          //工程建立时间：2017年7月28日
   6          //最后修改时间：2017年8月4日
   7          //配套教程版本：V1.0
   8          /*------------------------*/
   9          
  10          #include "stc12.h"
  11          
  12          void PCA_Init();
  13          
  14          void main()
  15          {
  16   1              PCA_Init();
  17   1      
  18   1              while(1);
  19   1      }
  20          
  21          //PCA初始化函数
  22          void PCA_Init()
  23          {
  24   1              CCON = 0X00;//初始化CCON
  25   1                                  //关闭PCA计数器
  26   1      
  27   1              //清零计数器
  28   1              CL = 0;
  29   1              CH = 0;
  30   1      
  31   1              CMOD = 0X0E;//设置PCA工作模式
  32   1                              //空闲模式下PCA计数器继续工作
  33   1                                      //PCA计数器计数频率为系统时钟/8
  34   1                                      //关闭PCA计数器溢出中断
  35   1      
  36   1              CCAP0H = CCAP0L = 0XF3;//PWM0输出频率为5.8KHz，占空比为5%的PWM信号
  37   1              CCAPM0 = 0X42;//模块0为PWM输出模式
  38   1                                //不翻转，在P1.3输出
  39   1                                        //没有PCA中断
  40   1      
  41   1              CR = 1;//启动PCA计数器
  42   1      }


MODULE INFORMATION:   STATIC OVERLAYABLE
   CODE SIZE        =     27    ----
   CONSTANT SIZE    =   ----    ----
   XDATA SIZE       =   ----    ----
   PDATA SIZE       =   ----    ----
   DATA SIZE        =   ----    ----
   IDATA SIZE       =   ----    ----
   BIT SIZE         =   ----    ----
END OF MODULE INFORMATION.


C51 COMPILATION COMPLETE.  0 WARNING(S),  0 ERROR(S)
