C51 COMPILER V9.00   ULTRASONIC                                                            11/08/2017 17:12:26 PAGE 1   


C51 COMPILER V9.00, COMPILATION OF MODULE ULTRASONIC
OBJECT MODULE PLACED IN .\ultrasonic.obj
COMPILER INVOKED BY: C:\Keil_v4\C51\BIN\C51.EXE ..\HARDWARE\ULTRASONIC\ultrasonic.c LARGE BROWSE INCDIR(..\HARDWARE\ULTR
                    -ASONIC;..\HARDWARE\DIGITRON) DEBUG OBJECTEXTEND PRINT(.\ultrasonic.lst) OBJECT(.\ultrasonic.obj)

line level    source

   1          #include "stc12.h"
   2          #include "intrins.h"
   3          #include "ultrasonic.h"
   4          #include "digitron.h"
   5          
   6          uint Time;
   7          float Distance;
   8          uint Overflow_Flag;
   9          
  10          //超声波初始化函数
  11          void Ultra_Init(void)
  12          {
  13   1              TMOD = 0x01;
  14   1      
  15   1              TH0 = 0;
  16   1              TL0 = 0; 
  17   1      
  18   1              TR0 = 1;         
  19   1              ET0 = 1;
  20   1              EA = 1;
  21   1      }
  22          
  23          //定时器0中断服务函数
  24          void Time0_Handler() interrupt 1
  25          {
  26   1              Overflow_Flag = 1;
  27   1      }
  28          
  29          //微妙延时函数
  30          //具体延时时间需要debug来决定   
  31          void Delay_us(uint z)
  32          {
  33   1              while(z--);
  34   1      }
  35          
  36          //超声波启动函数
  37          void  Ultra_Start(void)                 
  38          {
  39   1              trig = 1;
  40   1              Delay_us(6);
  41   1              trig = 0;
  42   1      }
  43          
  44          //超声波数据处理函数
  45          void Ultra_Conut(void)
  46          {
  47   1               Time = TH0*256+TL0;
  48   1               TH0 = 0;
  49   1               TL0 = 0;
  50   1               Distance = Time * 0.017;
  51   1      }
  52          
  53          //超声波显示函数
  54          void Ultra_Show(void)
C51 COMPILER V9.00   ULTRASONIC                                                            11/08/2017 17:12:26 PAGE 2   

  55          {
  56   1              if(Overflow_Flag == 1)
  57   1              {
  58   2                      Overflow_Flag = 0;
  59   2                      Digi_Num(9999);
  60   2              }
  61   1              else
  62   1                      Digi_Num(Distance);
  63   1      }
  64          
  65          //超声波工作函数
  66          void Ultra_Work(void)
  67          {
  68   1               Ultra_Start();
  69   1      
  70   1               while(!echo);
  71   1               TR0 = 1;       
  72   1               while(echo);
  73   1               TR0 = 0;
  74   1      
  75   1               Ultra_Conut();         
  76   1      
  77   1               Ultra_Show();
  78   1      }


MODULE INFORMATION:   STATIC OVERLAYABLE
   CODE SIZE        =    177    ----
   CONSTANT SIZE    =   ----    ----
   XDATA SIZE       =      8    ----
   PDATA SIZE       =   ----    ----
   DATA SIZE        =   ----    ----
   IDATA SIZE       =   ----    ----
   BIT SIZE         =   ----    ----
END OF MODULE INFORMATION.


C51 COMPILATION COMPLETE.  0 WARNING(S),  0 ERROR(S)
