C51 COMPILER V9.00   MAIN                                                                  11/20/2017 21:43:44 PAGE 1   


C51 COMPILER V9.00, COMPILATION OF MODULE MAIN
OBJECT MODULE PLACED IN main.OBJ
COMPILER INVOKED BY: C:\Keil_v4\C51\BIN\C51.EXE main.c BROWSE DEBUG OBJECTEXTEND

line level    source

   1          /*------------------------*/
   2          //傀儡师实验板配套例程
   3          //实验名称：按键-扫描法
   4          //作者：zhong
   5          //工程建立时间：2017年7月28日
   6          //最后修改时间：2017年8月25日
   7          //配套教程版本：V1.0
   8          /*------------------------*/
   9          
  10          #include "stc12.h"
  11          #include "intrins.h"
  12          
  13          #define uint unsigned int
  14          #define LED P0
  15          
  16          void Delay_ms(uint z);
  17          
  18          sbit key0 = P3^1;
  19          sbit key2 = P4^3;
  20          
  21          void main()
  22          {
  23   1              LED = 0XFE;//点亮LED0
  24   1      
  25   1              while(1)
  26   1              {
  27   2                      if(key0 == 0)//检测按键key0
  28   2                      {
  29   3                              Delay_ms(10);
  30   3                              if(key0 == 0)//消抖
  31   3                              {
  32   4                                      LED = _cror_(LED,1);//LED灯右移一位
  33   4      
  34   4                                      while(!key0);//松手检测
  35   4                              }
  36   3                      }
  37   2      
  38   2                      if(key2 == 0)//检测按键key2
  39   2                      {
  40   3                              Delay_ms(10);
  41   3                              if(key2 == 0)//消抖
  42   3                              {
  43   4                                      LED = _crol_(LED,1);//LED灯左移一位
  44   4      
  45   4                                      while(!key2);//松手检测
  46   4                              }
  47   3                      }
  48   2              }
  49   1      }
  50          
  51          void Delay_ms(uint z)
  52          {
  53   1              uint x,y;
  54   1      
  55   1              for(x = z;x > 0;x--)
C51 COMPILER V9.00   MAIN                                                                  11/20/2017 21:43:44 PAGE 2   

  56   1                      for(y = 921;y > 0;y--);
  57   1      }


MODULE INFORMATION:   STATIC OVERLAYABLE
   CODE SIZE        =     93    ----
   CONSTANT SIZE    =   ----    ----
   XDATA SIZE       =   ----    ----
   PDATA SIZE       =   ----    ----
   DATA SIZE        =   ----    ----
   IDATA SIZE       =   ----    ----
   BIT SIZE         =   ----    ----
END OF MODULE INFORMATION.


C51 COMPILATION COMPLETE.  0 WARNING(S),  0 ERROR(S)
