C51 COMPILER V9.00   MAIN                                                                  09/03/2017 18:35:21 PAGE 1   


C51 COMPILER V9.00, COMPILATION OF MODULE MAIN
OBJECT MODULE PLACED IN main.OBJ
COMPILER INVOKED BY: C:\Keil_v4\C51\BIN\C51.EXE main.c BROWSE DEBUG OBJECTEXTEND

line level    source

   1          /*------------------------*/
   2          //傀儡师实验板配套例程
   3          //实验名称：定时器
   4          //作者：zhong
   5          //工程建立时间：2017年7月28日
   6          //最后修改时间：2017年8月4日
   7          //配套教程版本：V1.0
   8          /*------------------------*/
   9          
  10          #include "stc12.h"
  11          
  12          #define uint unsigned int
  13          
  14          void Timer_Init();
  15          
  16          sbit beep = P0^3;
  17          
  18          uint a;
  19          
  20          void main()
  21          {
  22   1              beep = 1;
  23   1      
  24   1              Timer_Init();
  25   1      
  26   1              while(1);
  27   1      }
  28          
  29          //定时器初始化函数
  30          void Timer_Init()
  31          {
  32   1              TMOD = 0X01;
  33   1              TH0 = (65536 - 50000) / 256;
  34   1              TL0 = (65536 - 50000) % 256;
  35   1      
  36   1              TR0 = 1;
  37   1              ET0 = 1;
  38   1              EA = 1;
  39   1      }
  40          
  41          //定时器0中断服务函数
  42          void Timer0_Handler() interrupt 1
  43          {
  44   1              a++;
  45   1              
  46   1              if(a == 20)//定时器每20次，即1s进入一次该函数
  47   1              {
  48   2                      a = 0;//清零，为下一次计时做准备
  49   2      
  50   2                      beep = ~beep;
  51   2              }       
  52   1      }                                


MODULE INFORMATION:   STATIC OVERLAYABLE
C51 COMPILER V9.00   MAIN                                                                  09/03/2017 18:35:21 PAGE 2   

   CODE SIZE        =     48    ----
   CONSTANT SIZE    =   ----    ----
   XDATA SIZE       =   ----    ----
   PDATA SIZE       =   ----    ----
   DATA SIZE        =      2    ----
   IDATA SIZE       =   ----    ----
   BIT SIZE         =   ----    ----
END OF MODULE INFORMATION.


C51 COMPILATION COMPLETE.  0 WARNING(S),  0 ERROR(S)
