C51 COMPILER V9.00   DIGITRON                                                              11/07/2017 19:42:38 PAGE 1   


C51 COMPILER V9.00, COMPILATION OF MODULE DIGITRON
OBJECT MODULE PLACED IN .\digitron.obj
COMPILER INVOKED BY: C:\Keil_v4\C51\BIN\C51.EXE ..\HARDWARE\DIGITRON\digitron.c BROWSE INCDIR(..\HARDWARE\DIGITRON) DEBU
                    -G OBJECTEXTEND PRINT(.\digitron.lst) OBJECT(.\digitron.obj)

line level    source

   1          #include "stc12.h"
   2          #include "digitron.h"
   3          
   4          /*----------------------------------------------
   5          编号-显示    编号-显示   编号-显示   编号-显示
   6           0      - 0               4      - 4      8      - 8      12 - C
   7           1      - 1               5      - 5      9      - 9      13 - D
   8           2      - 2               6      - 6      10 - A          14 - E
   9           3      - 3               7      - 7      11 - B          15 - F
  10          ----------------------------------------------*/
  11          
  12          uchar code table[] = 
  13          {
  14          0XC0,0XF9,0XA4,0XB0,
  15          0X99,0X92,0X82,0XF8,
  16          0X80,0X90,0X88,0X83,
  17          0XC6,0XA1,0X86,0X8E
  18          };
  19          
  20          void Digi_Init(void)
  21          {
  22   1              P4SW = 0X30;
  23   1      }
  24          
  25          //数码管静态显示函数
  26          //前三个型参为从左到右3个八段数码管3个位选，1有效
  27          //最后一个型参为显示的数字或字母，取值范围为0~15
  28          void Digi_Show(uchar a,uchar b,uchar c,uchar num)
  29          {
  30   1              DIG1 = 1;
  31   1              DIG2 = !a;
  32   1              DIG3 = !b;
  33   1              DIG4 = !c;
  34   1      
  35   1              EN1 = 1;
  36   1              P2 = table[num];
  37   1              EN1 = 0;
  38   1      }
  39          
  40          //数码管静态显示演示函数
  41          void Digi_Test(void)
  42          {
  43   1              uint i;
  44   1              
  45   1              for(i = 0;i < 16;i++)
  46   1              {
  47   2                      Digi_Show(1,1,1,i);
  48   2                      
  49   2                      Delay_ms(1000);
  50   2              }
  51   1      }
  52          
  53          //毫秒延时函数，误差2us
  54          void Delay_ms(uint z)
C51 COMPILER V9.00   DIGITRON                                                              11/07/2017 19:42:38 PAGE 2   

  55          {
  56   1              uint x,y;
  57   1      
  58   1              for(x = z;x > 0;x--)
  59   1                      for(y = 921;y > 0;y--);
  60   1      }
  61          


MODULE INFORMATION:   STATIC OVERLAYABLE
   CODE SIZE        =    109    ----
   CONSTANT SIZE    =     16    ----
   XDATA SIZE       =   ----    ----
   PDATA SIZE       =   ----    ----
   DATA SIZE        =   ----       6
   IDATA SIZE       =   ----    ----
   BIT SIZE         =   ----    ----
END OF MODULE INFORMATION.


C51 COMPILATION COMPLETE.  0 WARNING(S),  0 ERROR(S)
