C51 COMPILER V9.00   IIC                                                                   11/03/2017 16:54:19 PAGE 1   


C51 COMPILER V9.00, COMPILATION OF MODULE IIC
OBJECT MODULE PLACED IN .\iic.obj
COMPILER INVOKED BY: C:\Keil_v4\C51\BIN\C51.EXE ..\HARDWARE\IIC\iic.c BROWSE INCDIR(..\HARDWARE\IIC) DEBUG OBJECTEXTEND 
                    -PRINT(.\iic.lst) OBJECT(.\iic.obj)

line level    source

   1          #include "stc12.h"
   2          #include "iic.h"
   3          
   4          //IIC开始函数
   5          void IIC_Start(void)
   6          {                                
   7   1         SCL = 1;             
   8   1         SDA = 1;
   9   1         SDA = 0;
  10   1         SCL = 0;
  11   1      }
  12          
  13          //IIC结束函数
  14          void IIC_Stop(void)
  15          {
  16   1         SCL = 0;
  17   1         SDA = 0;
  18   1         SCL = 1;
  19   1         SDA = 1;
  20   1      }
  21          
  22          //IIC写一节数据函数
  23          void IIC_Write(uchar Byte)
  24          {
  25   1              uchar i;
  26   1      
  27   1              for(i = 0;i < 8;i++)
  28   1              {
  29   2                      if(Byte & 0x80)
  30   2                              SDA = 1;
  31   2                      else
  32   2                              SDA = 0;
  33   2      
  34   2                      SCL = 1;
  35   2                      SCL = 0;
  36   2      
  37   2                      Byte <<= 1;
  38   2              }
  39   1      
  40   1              SDA = 1;
  41   1              SCL = 1;
  42   1              SCL = 0;
  43   1      }
  44          
  45          //IIC读一节数据函数
  46          uchar IIC_Read(void)
  47          {
  48   1              uchar Byte,i;
  49   1      
  50   1              SCL = 0;
  51   1              SDA = 1;
  52   1      
  53   1              for(i = 0;i < 8;i++)
  54   1              {
C51 COMPILER V9.00   IIC                                                                   11/03/2017 16:54:19 PAGE 2   

  55   2                      SCL = 1;
  56   2      
  57   2                      Byte = (Byte << 1) | SDA;
  58   2      
  59   2                      SCL = 0;
  60   2              }
  61   1      
  62   1              return Byte;
  63   1      }


MODULE INFORMATION:   STATIC OVERLAYABLE
   CODE SIZE        =     74    ----
   CONSTANT SIZE    =   ----    ----
   XDATA SIZE       =   ----    ----
   PDATA SIZE       =   ----    ----
   DATA SIZE        =   ----    ----
   IDATA SIZE       =   ----    ----
   BIT SIZE         =   ----    ----
END OF MODULE INFORMATION.


C51 COMPILATION COMPLETE.  0 WARNING(S),  0 ERROR(S)
