C51 COMPILER V9.00   MAIN                                                                  05/09/2018 20:04:25 PAGE 1   


C51 COMPILER V9.00, COMPILATION OF MODULE MAIN
OBJECT MODULE PLACED IN main.OBJ
COMPILER INVOKED BY: C:\Keil_v4\C51\BIN\C51.EXE main.c BROWSE DEBUG OBJECTEXTEND

line level    source

   1          /*------------------------*/
   2          //傀儡师实验板配套例程
   3          //实验名称：串口通讯-扫描法
   4          //作者：zhong
   5          //工程建立时间：2017年7月28日
   6          //最后修改时间：2017年8月4日
   7          //配套教程版本：V1.0
   8          /*------------------------*/
   9          
  10          #include"stc12.h"
  11          
  12          void Usart_Init();
  13          
  14          sbit led = P0^0;
  15          
  16          void main()
  17          {
  18   1              Usart_Init();//串口初始化
  19   1      
  20   1              while(1)
  21   1              {
  22   2                      if(RI == 1)//检测串口1接收中断标志位
  23   2                      {
  24   3                              RI = 0;//清零串口1接收中断标志位
  25   3                              led = SBUF;
  26   3                      }
  27   2              }
  28   1      }
  29          
  30          //串口初始化函数
  31          void Usart_Init()
  32          {
  33   1              TMOD = 0X20;//设置定时器1工作模式2
  34   1              TH1 = 0XFD;//给TH1、TL1装入初值，波特率为9600
  35   1              TL1 = 0XFD;
  36   1      
  37   1              REN = 1;//打开串口接收允许
  38   1              SM0 = 0;//设置串口1工作方式为8位UART，波特率可变
  39   1              SM1 = 1;
  40   1      
  41   1              TR1 = 1;//启动定时器1
  42   1      }


MODULE INFORMATION:   STATIC OVERLAYABLE
   CODE SIZE        =     34    ----
   CONSTANT SIZE    =   ----    ----
   XDATA SIZE       =   ----    ----
   PDATA SIZE       =   ----    ----
   DATA SIZE        =   ----    ----
   IDATA SIZE       =   ----    ----
   BIT SIZE         =   ----    ----
END OF MODULE INFORMATION.


C51 COMPILATION COMPLETE.  0 WARNING(S),  0 ERROR(S)
