C51 COMPILER V9.00   MAIN                                                                  05/09/2018 21:44:51 PAGE 1   


C51 COMPILER V9.00, COMPILATION OF MODULE MAIN
OBJECT MODULE PLACED IN main.OBJ
COMPILER INVOKED BY: C:\Keil_v4\C51\BIN\C51.EXE main.c BROWSE DEBUG OBJECTEXTEND

line level    source

   1          /*------------------------*/
   2          //傀儡师实验板配套例程
   3          //实验名称：串口通讯-中断法
   4          //作者：zhong
   5          //工程建立时间：2017年7月28日
   6          //最后修改时间：2017年8月4日
   7          //配套教程版本：V1.0
   8          /*------------------------*/
   9          
  10          #include "stc12.h"
  11          
  12          #define uchar unsigned char
  13          
  14          void Usart_Init();//串口初始化函数
  15          
  16          void main()
  17          {
  18   1              Usart_Init();//串口初始化
  19   1      
  20   1              while(1);
  21   1      }
  22          
  23          //串口初始化函数
  24          void Usart_Init()
  25          {
  26   1              TMOD = 0X20;//设置定时器1工作模式2
  27   1              TH1 = 0XFD;//波特率9600
  28   1              TL1 = 0XFD;
  29   1      
  30   1              REN = 1;//串口允许接收
  31   1              SM0 = 0;//设置串口1工作模式1
  32   1              SM1 = 1;
  33   1      
  34   1              ES = 1;//打开串口中断允许
  35   1              EA = 1;//打开总中断允许
  36   1              TR1 = 1;//启动定时器1
  37   1      }
  38          
  39          //串口中断服务函数
  40          void USART_Handler() interrupt 4
  41          {
  42   1              uchar a;
  43   1      
  44   1              RI = 0;//清除串口接收标志位
  45   1              
  46   1              a = SBUF;//串口接收数据
  47   1              P0 = a;
  48   1              SBUF = a;//串口发送数据
  49   1      
  50   1              while(!TI);//检测串口发送标志位，当发送完成时TI置1
  51   1              TI = 0;//清除串口发送标志位
  52   1      }


MODULE INFORMATION:   STATIC OVERLAYABLE
C51 COMPILER V9.00   MAIN                                                                  05/09/2018 21:44:51 PAGE 2   

   CODE SIZE        =     52    ----
   CONSTANT SIZE    =   ----    ----
   XDATA SIZE       =   ----    ----
   PDATA SIZE       =   ----    ----
   DATA SIZE        =   ----    ----
   IDATA SIZE       =   ----    ----
   BIT SIZE         =   ----    ----
END OF MODULE INFORMATION.


C51 COMPILATION COMPLETE.  0 WARNING(S),  0 ERROR(S)
