C51 COMPILER V9.00   MUSIC                                                                 11/20/2017 20:38:17 PAGE 1   


C51 COMPILER V9.00, COMPILATION OF MODULE MUSIC
OBJECT MODULE PLACED IN .\music.obj
COMPILER INVOKED BY: C:\Keil_v4\C51\BIN\C51.EXE ..\HARDWARE\BORN\music.c BROWSE INCDIR(..\HARDWARE\BORN) DEBUG OBJECTEXT
                    -END PRINT(.\music.lst) OBJECT(.\music.obj)

line level    source

   1          #include "stc12.h"
   2          #include "music.h"
   3          
   4          /*---------------------
   5          53-µÕ“Ù1    26-÷–“Ù1     
   6          50-µÕ“Ù1#   25-÷–“Ù1#    
   7          47-µÕ“Ù2        24-÷–“Ù2         
   8          44-µÕ“Ù2#   23-÷–“Ù2#    
   9          42-µÕ“Ù3        21-÷–“Ù3        
  10          40-µÕ“Ù4        20-÷–“Ù4        
  11          38-µÕ“Ù4#   19-÷–“Ù4#    
  12          36-µÕ“Ù5        17-÷–“Ù5        
  13          34-µÕ“Ù5#   16-÷–“Ù5#    
  14          32-µÕ“Ù6        15-÷–“Ù6         
  15          30-µÕ“Ù6#   14-÷–“Ù6#
  16          28-µÕ“Ù7        13-÷–“Ù7         
  17          ----------------------*/
  18          
  19          code uint LittleStar[] = 
  20          {
  21          26,0,26,0,17,0,17,0,15,0,15,0,17,0,
  22          20,0,20,0,21,0,21,0,24,0,24,0,26,0,
  23          26,0,26,0,17,0,17,0,15,0,15,0,17,0,
  24          17,0,17,0,20,0,20,0,21,0,21,0,24,0,
  25          17,0,17,0,20,0,20,0,21,0,21,0,24,0,
  26          26,0,26,0,17,0,17,0,15,0,15,0,17,0,
  27          20,0,20,0,21,0,21,0,24,0,24,0,26,255
  28          };


MODULE INFORMATION:   STATIC OVERLAYABLE
   CODE SIZE        =   ----    ----
   CONSTANT SIZE    =    196    ----
   XDATA SIZE       =   ----    ----
   PDATA SIZE       =   ----    ----
   DATA SIZE        =   ----    ----
   IDATA SIZE       =   ----    ----
   BIT SIZE         =   ----    ----
END OF MODULE INFORMATION.


C51 COMPILATION COMPLETE.  0 WARNING(S),  0 ERROR(S)
