C51 COMPILER V9.00   MAIN                                                                  10/06/2017 21:13:08 PAGE 1   


C51 COMPILER V9.00, COMPILATION OF MODULE MAIN
OBJECT MODULE PLACED IN main.OBJ
COMPILER INVOKED BY: C:\Keil_v4\C51\BIN\C51.EXE main.c BROWSE DEBUG OBJECTEXTEND

line level    source

   1          /*------------------------*/
   2          //傀儡师实验板配套例程
   3          //实验名称：流水灯
   4          //作者：zhong
   5          //工程建立时间：2017年7月28日
   6          //最后修改时间：2017年10月6日
   7          //配套教程版本：V1.0
   8          /*------------------------*/
   9          
  10          #include "stc12.h"
  11          #include "intrins.h"
  12          
  13          #define uint unsigned int//宏定义，用uint代替unsigned int
  14          
  15          void Delay_ms(uint z);//声明毫秒延时函数
  16          
  17          void main()
  18          {
  19   1              P0 = 0XFE;
  20   1      
  21   1              while(1)
  22   1              {
  23   2                      P0 = _crol_(P0,1);//循环左移
  24   2              
  25   2                      Delay_ms(200);
  26   2              }
  27   1      }
  28          
  29          //毫秒延时函数，误差2us
  30          void Delay_ms(uint z)
  31          {
  32   1              uint x,y;
  33   1      
  34   1              for(x = z;x > 0;x--)
  35   1                      for(y = 921;y > 0;y--);
  36   1      }


MODULE INFORMATION:   STATIC OVERLAYABLE
   CODE SIZE        =     55    ----
   CONSTANT SIZE    =   ----    ----
   XDATA SIZE       =   ----    ----
   PDATA SIZE       =   ----    ----
   DATA SIZE        =   ----    ----
   IDATA SIZE       =   ----    ----
   BIT SIZE         =   ----    ----
END OF MODULE INFORMATION.


C51 COMPILATION COMPLETE.  0 WARNING(S),  0 ERROR(S)
