C51 COMPILER V9.00   MAIN                                                                  01/09/2018 21:07:09 PAGE 1   


C51 COMPILER V9.00, COMPILATION OF MODULE MAIN
OBJECT MODULE PLACED IN main.OBJ
COMPILER INVOKED BY: C:\Keil_v4\C51\BIN\C51.EXE main.c BROWSE INCDIR(..\HARDWARE\IIC;..\HARDWARE\OLED) DEBUG OBJECTEXTEN
                    -D

line level    source

   1          /*------------------------*/
   2          //傀儡师实验板配套例程
   3          //实验名称：点亮LED
   4          //作者：zhong
   5          //工程建立时间：2017年7月28日
   6          //最后修改时间：2017年8月4日
   7          //配套教程版本：V1.0
   8          /*------------------------*/
   9          
  10          #include "stc12.h"
  11          #include "oled.h"
  12          #include "table.h"
  13          
  14          void main()
  15          {
  16   1              uint size;
  17   1      
  18   1              OLED_Chn(16,0,5,Table_Chn);
  19   1              OLED_BMP(0,2,6,6,Table_BMP);
  20   1              
  21   1              size = sizeof(Table_BMP);
*** WARNING C198 IN LINE 21 OF MAIN.C: sizeof returns zero
  22   1              
  23   1              OLED_Num(60,2,size);    
  24   1      }


MODULE INFORMATION:   STATIC OVERLAYABLE
   CODE SIZE        =     49    ----
   CONSTANT SIZE    =   ----    ----
   XDATA SIZE       =   ----    ----
   PDATA SIZE       =   ----    ----
   DATA SIZE        =   ----    ----
   IDATA SIZE       =   ----    ----
   BIT SIZE         =   ----    ----
END OF MODULE INFORMATION.


C51 COMPILATION COMPLETE.  1 WARNING(S),  0 ERROR(S)
