C51 COMPILER V9.00   TABLE                                                                 01/09/2018 21:07:10 PAGE 1   


C51 COMPILER V9.00, COMPILATION OF MODULE TABLE
OBJECT MODULE PLACED IN .\table.obj
COMPILER INVOKED BY: C:\Keil_v4\C51\BIN\C51.EXE ..\HARDWARE\OLED\table.c BROWSE INCDIR(..\HARDWARE\IIC;..\HARDWARE\OLED)
                    - DEBUG OBJECTEXTEND PRINT(.\table.lst) OBJECT(.\table.obj)

line level    source

   1          #include "stc12.h"
   2          #include "table.h"
   3          
   4          //数字
   5          //大小：8*16
   6          code uchar Table_Num[] = 
   7          {
   8          0x00,0xE0,0x10,0x08,0x08,0x10,0xE0,0x00,0x00,0x0F,0x10,0x20,0x20,0x10,0x0F,0x00,/*"0",0*/
   9          
  10          0x00,0x10,0x10,0xF8,0x00,0x00,0x00,0x00,0x00,0x20,0x20,0x3F,0x20,0x20,0x00,0x00,/*"1",1*/
  11          
  12          0x00,0x70,0x08,0x08,0x08,0x88,0x70,0x00,0x00,0x30,0x28,0x24,0x22,0x21,0x30,0x00,/*"2",2*/
  13          
  14          0x00,0x30,0x08,0x88,0x88,0x48,0x30,0x00,0x00,0x18,0x20,0x20,0x20,0x11,0x0E,0x00,/*"3",3*/
  15          
  16          0x00,0x00,0xC0,0x20,0x10,0xF8,0x00,0x00,0x00,0x07,0x04,0x24,0x24,0x3F,0x24,0x00,/*"4",4*/
  17          
  18          0x00,0xF8,0x08,0x88,0x88,0x08,0x08,0x00,0x00,0x19,0x21,0x20,0x20,0x11,0x0E,0x00,/*"5",5*/
  19          
  20          0x00,0xE0,0x10,0x88,0x88,0x18,0x00,0x00,0x00,0x0F,0x11,0x20,0x20,0x11,0x0E,0x00,/*"6",6*/
  21          
  22          0x00,0x38,0x08,0x08,0xC8,0x38,0x08,0x00,0x00,0x00,0x00,0x3F,0x00,0x00,0x00,0x00,/*"7",7*/
  23          
  24          0x00,0x70,0x88,0x08,0x08,0x88,0x70,0x00,0x00,0x1C,0x22,0x21,0x21,0x22,0x1C,0x00,/*"8",8*/
  25          
  26          0x00,0xE0,0x10,0x08,0x08,0x10,0xE0,0x00,0x00,0x00,0x31,0x22,0x22,0x11,0x0F,0x00,/*"9",9*/
  27          };
  28          
  29          //小写字母
  30          //大小：8*16
  31          code uchar Table_Let[] = 
  32          {
  33          0x00,0x00,0x80,0x80,0x80,0x80,0x00,0x00,0x00,0x19,0x24,0x22,0x22,0x22,0x3F,0x20,/*"a",0*/
  34          
  35          0x08,0xF8,0x00,0x80,0x80,0x00,0x00,0x00,0x00,0x3F,0x11,0x20,0x20,0x11,0x0E,0x00,/*"b",1*/
  36          
  37          0x00,0x00,0x00,0x80,0x80,0x80,0x00,0x00,0x00,0x0E,0x11,0x20,0x20,0x20,0x11,0x00,/*"c",2*/
  38          
  39          0x00,0x00,0x00,0x80,0x80,0x88,0xF8,0x00,0x00,0x0E,0x11,0x20,0x20,0x10,0x3F,0x20,/*"d",3*/
  40          
  41          0x00,0x00,0x80,0x80,0x80,0x80,0x00,0x00,0x00,0x1F,0x22,0x22,0x22,0x22,0x13,0x00,/*"e",4*/
  42          
  43          0x00,0x80,0x80,0xF0,0x88,0x88,0x88,0x18,0x00,0x20,0x20,0x3F,0x20,0x20,0x00,0x00,/*"f",5*/
  44          
  45          0x00,0x00,0x80,0x80,0x80,0x80,0x80,0x00,0x00,0x6B,0x94,0x94,0x94,0x93,0x60,0x00,/*"g",6*/
  46          
  47          0x08,0xF8,0x00,0x80,0x80,0x80,0x00,0x00,0x20,0x3F,0x21,0x00,0x00,0x20,0x3F,0x20,/*"h",7*/
  48          
  49          0x00,0x80,0x98,0x98,0x00,0x00,0x00,0x00,0x00,0x20,0x20,0x3F,0x20,0x20,0x00,0x00,/*"i",8*/
  50          
  51          0x00,0x00,0x00,0x80,0x98,0x98,0x00,0x00,0x00,0xC0,0x80,0x80,0x80,0x7F,0x00,0x00,/*"j",9*/
  52          
  53          0x08,0xF8,0x00,0x00,0x80,0x80,0x80,0x00,0x20,0x3F,0x24,0x02,0x2D,0x30,0x20,0x00,/*"k",10*/
  54          
C51 COMPILER V9.00   TABLE                                                                 01/09/2018 21:07:10 PAGE 2   

  55          0x00,0x08,0x08,0xF8,0x00,0x00,0x00,0x00,0x00,0x20,0x20,0x3F,0x20,0x20,0x00,0x00,/*"l",11*/
  56          
  57          0x80,0x80,0x80,0x80,0x80,0x80,0x80,0x00,0x20,0x3F,0x20,0x00,0x3F,0x20,0x00,0x3F,/*"m",12*/
  58          
  59          0x80,0x80,0x00,0x80,0x80,0x80,0x00,0x00,0x20,0x3F,0x21,0x00,0x00,0x20,0x3F,0x20,/*"n",13*/
  60          
  61          0x00,0x00,0x80,0x80,0x80,0x80,0x00,0x00,0x00,0x1F,0x20,0x20,0x20,0x20,0x1F,0x00,/*"o",14*/
  62          
  63          0x80,0x80,0x00,0x80,0x80,0x00,0x00,0x00,0x80,0xFF,0xA1,0x20,0x20,0x11,0x0E,0x00,/*"p",15*/
  64          
  65          0x00,0x00,0x00,0x80,0x80,0x80,0x80,0x00,0x00,0x0E,0x11,0x20,0x20,0xA0,0xFF,0x80,/*"q",16*/
  66          
  67          0x80,0x80,0x80,0x00,0x80,0x80,0x80,0x00,0x20,0x20,0x3F,0x21,0x20,0x00,0x01,0x00,/*"r",17*/
  68          
  69          0x00,0x00,0x80,0x80,0x80,0x80,0x80,0x00,0x00,0x33,0x24,0x24,0x24,0x24,0x19,0x00,/*"s",18*/
  70          
  71          0x00,0x80,0x80,0xE0,0x80,0x80,0x00,0x00,0x00,0x00,0x00,0x1F,0x20,0x20,0x00,0x00,/*"t",19*/
  72          
  73          0x80,0x80,0x00,0x00,0x00,0x80,0x80,0x00,0x00,0x1F,0x20,0x20,0x20,0x10,0x3F,0x20,/*"u",20*/
  74          
  75          0x80,0x80,0x80,0x00,0x00,0x80,0x80,0x80,0x00,0x01,0x0E,0x30,0x08,0x06,0x01,0x00,/*"v",21*/
  76          
  77          0x80,0x80,0x00,0x80,0x00,0x80,0x80,0x80,0x0F,0x30,0x0C,0x03,0x0C,0x30,0x0F,0x00,/*"w",22*/
  78          
  79          0x00,0x80,0x80,0x00,0x80,0x80,0x80,0x00,0x00,0x20,0x31,0x2E,0x0E,0x31,0x20,0x00,/*"x",23*/
  80          
  81          0x80,0x80,0x80,0x00,0x00,0x80,0x80,0x80,0x80,0x81,0x8E,0x70,0x18,0x06,0x01,0x00,/*"y",24*/
  82          
  83          0x00,0x80,0x80,0x80,0x80,0x80,0x80,0x00,0x00,0x21,0x30,0x2C,0x22,0x21,0x30,0x00,/*"z",25*/
  84          };
  85          
  86          //大写字母
  87          //大小：8*16
  88          code uchar Table_Caplet[] =
  89          {
  90          0x00,0x00,0xC0,0x38,0xE0,0x00,0x00,0x00,0x20,0x3C,0x23,0x02,0x02,0x27,0x38,0x20,/*"A",0*/
  91          
  92          0x08,0xF8,0x88,0x88,0x88,0x70,0x00,0x00,0x20,0x3F,0x20,0x20,0x20,0x11,0x0E,0x00,/*"B",1*/
  93          
  94          0xC0,0x30,0x08,0x08,0x08,0x08,0x38,0x00,0x07,0x18,0x20,0x20,0x20,0x10,0x08,0x00,/*"C",2*/
  95          
  96          0x08,0xF8,0x08,0x08,0x08,0x10,0xE0,0x00,0x20,0x3F,0x20,0x20,0x20,0x10,0x0F,0x00,/*"D",3*/
  97          
  98          0x08,0xF8,0x88,0x88,0xE8,0x08,0x10,0x00,0x20,0x3F,0x20,0x20,0x23,0x20,0x18,0x00,/*"E",4*/
  99          
 100          0x08,0xF8,0x88,0x88,0xE8,0x08,0x10,0x00,0x20,0x3F,0x20,0x00,0x03,0x00,0x00,0x00,/*"F",5*/
 101          
 102          0xC0,0x30,0x08,0x08,0x08,0x38,0x00,0x00,0x07,0x18,0x20,0x20,0x22,0x1E,0x02,0x00,/*"G",6*/
 103          
 104          0x08,0xF8,0x08,0x00,0x00,0x08,0xF8,0x08,0x20,0x3F,0x21,0x01,0x01,0x21,0x3F,0x20,/*"H",7*/
 105          
 106          0x00,0x08,0x08,0xF8,0x08,0x08,0x00,0x00,0x00,0x20,0x20,0x3F,0x20,0x20,0x00,0x00,/*"I",8*/
 107          
 108          0x00,0x00,0x08,0x08,0xF8,0x08,0x08,0x00,0xC0,0x80,0x80,0x80,0x7F,0x00,0x00,0x00,/*"J",9*/
 109          
 110          0x08,0xF8,0x88,0xC0,0x28,0x18,0x08,0x00,0x20,0x3F,0x20,0x01,0x26,0x38,0x20,0x00,/*"K",10*/
 111          
 112          0x08,0xF8,0x08,0x00,0x00,0x00,0x00,0x00,0x20,0x3F,0x20,0x20,0x20,0x20,0x30,0x00,/*"L",11*/
 113          
 114          0x08,0xF8,0xF8,0x00,0xF8,0xF8,0x08,0x00,0x20,0x3F,0x00,0x3F,0x00,0x3F,0x20,0x00,/*"M",12*/
 115          
 116          0x08,0xF8,0x30,0xC0,0x00,0x08,0xF8,0x08,0x20,0x3F,0x20,0x00,0x07,0x18,0x3F,0x00,/*"N",13*/
C51 COMPILER V9.00   TABLE                                                                 01/09/2018 21:07:10 PAGE 3   

 117          
 118          0xE0,0x10,0x08,0x08,0x08,0x10,0xE0,0x00,0x0F,0x10,0x20,0x20,0x20,0x10,0x0F,0x00,/*"O",14*/
 119          
 120          0x08,0xF8,0x08,0x08,0x08,0x08,0xF0,0x00,0x20,0x3F,0x21,0x01,0x01,0x01,0x00,0x00,/*"P",15*/
 121          
 122          0xE0,0x10,0x08,0x08,0x08,0x10,0xE0,0x00,0x0F,0x18,0x24,0x24,0x38,0x50,0x4F,0x00,/*"Q",16*/
 123          
 124          0x08,0xF8,0x88,0x88,0x88,0x88,0x70,0x00,0x20,0x3F,0x20,0x00,0x03,0x0C,0x30,0x20,/*"R",17*/
 125          
 126          0x00,0x70,0x88,0x08,0x08,0x08,0x38,0x00,0x00,0x38,0x20,0x21,0x21,0x22,0x1C,0x00,/*"S",18*/
 127          
 128          0x18,0x08,0x08,0xF8,0x08,0x08,0x18,0x00,0x00,0x00,0x20,0x3F,0x20,0x00,0x00,0x00,/*"T",19*/
 129          
 130          0x08,0xF8,0x08,0x00,0x00,0x08,0xF8,0x08,0x00,0x1F,0x20,0x20,0x20,0x20,0x1F,0x00,/*"U",20*/
 131          
 132          0x08,0x78,0x88,0x00,0x00,0xC8,0x38,0x08,0x00,0x00,0x07,0x38,0x0E,0x01,0x00,0x00,/*"V",21*/
 133          
 134          0xF8,0x08,0x00,0xF8,0x00,0x08,0xF8,0x00,0x03,0x3C,0x07,0x00,0x07,0x3C,0x03,0x00,/*"W",22*/
 135          
 136          0x08,0x18,0x68,0x80,0x80,0x68,0x18,0x08,0x20,0x30,0x2C,0x03,0x03,0x2C,0x30,0x20,/*"X",23*/
 137          
 138          0x08,0x38,0xC8,0x00,0xC8,0x38,0x08,0x00,0x00,0x00,0x20,0x3F,0x20,0x00,0x00,0x00,/*"Y",24*/
 139          
 140          0x10,0x08,0x08,0x08,0xC8,0x38,0x08,0x00,0x20,0x38,0x26,0x21,0x20,0x20,0x18,0x00,/*"Z",25*/
 141          }; 
 142          
 143          //中文
 144          //字体大小：16*16
 145          code uchar Table_Chn[] = 
 146          {
 147          0x80,0x60,0xF8,0x07,0x00,0xFC,0x24,0x24,0xA6,0x7D,0x24,0x24,0x24,0xFC,0x00,0x00,
 148          0x00,0x00,0xFF,0x80,0x40,0x21,0x11,0x0D,0x03,0x7D,0x99,0x95,0x91,0x99,0xE0,0x00,/*"傀",0*/
 149          
 150          0x80,0x60,0xF8,0x07,0x00,0x00,0x7F,0x49,0x49,0x7F,0x49,0x49,0x7F,0x00,0x00,0x00,
 151          0x00,0x00,0xFF,0x00,0xFF,0x49,0x7F,0x49,0xFF,0x00,0xFF,0x49,0x7F,0x49,0xFF,0x00,/*"儡",1*/
 152          
 153          0x00,0xFC,0x00,0x00,0xFF,0x00,0x02,0xE2,0x22,0x22,0xFE,0x22,0x22,0xE2,0x02,0x00,
 154          0x00,0x87,0x40,0x30,0x0F,0x00,0x00,0x1F,0x00,0x00,0xFF,0x08,0x10,0x0F,0x00,0x00,/*"师",2*/
 155          
 156          0x10,0x0C,0x04,0x84,0x14,0x64,0x05,0x06,0xF4,0x04,0x04,0x04,0x04,0x14,0x0C,0x00,
 157          0x04,0x84,0x84,0x44,0x47,0x24,0x14,0x0C,0x07,0x0C,0x14,0x24,0x44,0x84,0x04,0x00,/*"实",3*/
 158          
 159          0x02,0xFA,0x82,0x82,0xFE,0x80,0x40,0x20,0x50,0x4C,0x43,0x4C,0x50,0x20,0x40,0x00,
 160          0x08,0x18,0x48,0x84,0x44,0x3F,0x40,0x44,0x58,0x41,0x4E,0x60,0x58,0x47,0x40,0x00,/*"验",4*/
 161          
 162          0x10,0x10,0xD0,0xFF,0x90,0x10,0x00,0xFC,0x24,0xE4,0x24,0x22,0x23,0xE2,0x00,0x00,
 163          0x04,0x03,0x00,0xFF,0x00,0x83,0x60,0x1F,0x80,0x41,0x26,0x18,0x26,0x41,0x80,0x00,/*"板",5*/
 164          };
 165          
 166          //图案
 167          code uchar Table_BMP[] = 
 168          {
 169          0x00,0x00,0x00,0x00,0x00,0x00,0x00,0x00,0x00,0x00,0x00,0x00,0x00,0x3C,0x66,0x66,
 170          0x66,0x3C,0x78,0x70,0xE0,0xE0,0xE0,0xC0,0xC0,0xE0,0xE0,0xF0,0x70,0x78,0x3C,0x66,
 171          0x66,0x66,0x3C,0x00,0x00,0x00,0x00,0x00,0x00,0x00,0x00,0x00,0x00,0x00,0x00,0x00,
 172          0x00,0xC0,0xE0,0x20,0x20,0xE0,0xE0,0xE0,0x70,0x70,0x30,0x38,0x38,0x1C,0xFF,0xFF,
 173          0xFF,0x0E,0x07,0x07,0x03,0x03,0x01,0x01,0x01,0x01,0x03,0x03,0x07,0x07,0x0E,0xFF,
 174          0xFF,0xFF,0x1C,0x38,0x38,0x30,0x70,0x70,0xE0,0xE0,0xE0,0x20,0x20,0xE0,0xC0,0x00,
 175          0x00,0x01,0x03,0xF6,0xF6,0x03,0x01,0x00,0x00,0x00,0x00,0x00,0x00,0x7C,0x6D,0xC5,
 176          0x45,0x7C,0x78,0xE0,0xE0,0xC0,0xC0,0xC0,0xC0,0xC0,0xE0,0xE0,0xE0,0x78,0x7C,0x45,
 177          0xC5,0x6D,0x7C,0x00,0x00,0x00,0x00,0x00,0x00,0x01,0x03,0xF6,0xF6,0x03,0x01,0x00,
 178          0x00,0x80,0xC0,0x6F,0x6F,0xC0,0xC0,0xE0,0xE0,0x60,0x70,0x70,0x38,0x38,0x1C,0x1C,
C51 COMPILER V9.00   TABLE                                                                 01/09/2018 21:07:10 PAGE 4   

 179          0x1C,0x0E,0x0E,0x07,0x07,0x03,0x03,0xFB,0xFB,0x03,0x03,0x07,0x07,0x0E,0x0E,0x1C,
 180          0x1C,0x1C,0x38,0x38,0x70,0x70,0x60,0xE0,0xE0,0xC0,0xC0,0x6F,0x6F,0xC0,0x80,0x00,
 181          0x00,0x03,0x07,0x04,0x04,0x07,0x03,0x00,0x00,0x00,0x00,0x00,0x00,0x00,0x00,0x00,
 182          0x00,0x00,0x00,0x00,0x00,0x00,0x00,0xFF,0xFF,0x00,0x00,0x00,0x00,0x00,0x00,0x00,
 183          0x00,0x00,0x00,0x00,0x00,0x00,0x00,0x00,0x00,0x03,0x07,0x04,0x04,0x07,0x03,0x00,
 184          0x00,0x00,0x00,0x00,0x00,0x00,0x00,0x00,0x00,0x00,0x00,0x00,0x00,0x00,0x00,0x00,
 185          0x00,0x00,0x00,0x00,0x00,0x3C,0x7E,0x66,0x66,0x7E,0x3C,0x00,0x00,0x00,0x00,0x00,
 186          0x00,0x00,0x00,0x00,0x00,0x00,0x00,0x00,0x00,0x00,0x00,0x00,0x00,0x00,0x00,0x00,
 187          };


MODULE INFORMATION:   STATIC OVERLAYABLE
   CODE SIZE        =   ----    ----
   CONSTANT SIZE    =   1472    ----
   XDATA SIZE       =   ----    ----
   PDATA SIZE       =   ----    ----
   DATA SIZE        =   ----    ----
   IDATA SIZE       =   ----    ----
   BIT SIZE         =   ----    ----
END OF MODULE INFORMATION.


C51 COMPILATION COMPLETE.  0 WARNING(S),  0 ERROR(S)
