C51 COMPILER V9.00   MAIN                                                                  08/26/2017 19:54:17 PAGE 1   


C51 COMPILER V9.00, COMPILATION OF MODULE MAIN
OBJECT MODULE PLACED IN main.OBJ
COMPILER INVOKED BY: C:\Keil_v4\C51\BIN\C51.EXE main.c BROWSE DEBUG OBJECTEXTEND

line level    source

   1          /*------------------------*/
   2          //傀儡师实验板配套例程
   3          //实验名称：电压比较器
   4          //作者：zhong
   5          //工程建立时间：2017年7月28日
   6          //最后修改时间：2017年8月26日
   7          //配套教程版本：V1.0
   8          /*------------------------*/
   9          
  10          #include "stc12.h"
  11          
  12          //声明蜂鸣器控制引脚及电压比较器采集引脚
  13          sbit beep = P1^5;
  14          sbit comp1 = P1^6;
  15          sbit comp2 = P1^7;
  16          
  17          void Beep(int n);
  18          void Delay_ms(int m);
  19          
  20          void main()
  21          {
  22   1              while(comp1 == 0 && comp2 == 0)//蜂鸣器不响
  23   1              {
  24   2                      beep = 1;
  25   2              }
  26   1              while(comp1 == 0 && comp2 == 1)//蜂鸣器1秒响一次
  27   1              {
  28   2                      Beep(1000);
  29   2              }
  30   1              while(comp1 == 1 && comp2 == 1)//蜂鸣器0.1秒响一次
  31   1              {
  32   2                      Beep(100);
  33   2              }
  34   1      }
  35          
  36          //蜂鸣器警报函数
  37          void Beep(int n)
  38          {
  39   1              beep = 1;
  40   1              Delay_ms(n);
  41   1              beep = 0;
  42   1              Delay_ms(n);    
  43   1      }
  44          
  45          //毫秒延时函数，误差2us
  46          void Delay_ms(int m)
  47          {
  48   1              int x,y;
  49   1      
  50   1              for(x = m;x > 0;x--)
  51   1                      for(y = 921;y > 0;y--);
  52   1      }


MODULE INFORMATION:   STATIC OVERLAYABLE
C51 COMPILER V9.00   MAIN                                                                  08/26/2017 19:54:17 PAGE 2   

   CODE SIZE        =     91    ----
   CONSTANT SIZE    =   ----    ----
   XDATA SIZE       =   ----    ----
   PDATA SIZE       =   ----    ----
   DATA SIZE        =   ----       2
   IDATA SIZE       =   ----    ----
   BIT SIZE         =   ----    ----
END OF MODULE INFORMATION.


C51 COMPILATION COMPLETE.  0 WARNING(S),  0 ERROR(S)
