C51 COMPILER V9.00   MAIN                                                                  11/11/2017 03:31:33 PAGE 1   


C51 COMPILER V9.00, COMPILATION OF MODULE MAIN
OBJECT MODULE PLACED IN main.OBJ
COMPILER INVOKED BY: C:\Keil_v4\C51\BIN\C51.EXE main.c BROWSE DEBUG OBJECTEXTEND

line level    source

   1          /*------------------------*/
   2          //傀儡师实验板配套例程
   3          //实验名称：PWM入门
   4          //作者：zhong
   5          //工程建立时间：2017年7月28日
   6          //最后修改时间：2017年8月4日
   7          //配套教程版本：V1.0
   8          /*------------------------*/
   9          
  10          #include "stc12.h"
  11          
  12          #define uint unsigned int
  13          
  14          void Delay_ms(uint z);
  15          void PWM(uint x);
  16          
  17          sbit led = P0^0;
  18          
  19          void main()
  20          {
  21   1              while(1)
  22   1              {
  23   2                      PWM(1);//PWM频率为50Hz，占空比为95%
  24   2              }
  25   1      }
  26          
  27          //PWM产生函数
  28          void PWM(uint x)
  29          {
  30   1              led = 1;
  31   1              Delay_ms(20 - x);
  32   1              led = 0;
  33   1              Delay_ms(x);
  34   1      }
  35          
  36          //毫秒延时函数，误差2us
  37          void Delay_ms(uint z)
  38          {
  39   1              uint x,y;
  40   1      
  41   1              for(x = z;x > 0;x--)
  42   1                      for(y = 921;y > 0;y--);
  43   1      }


MODULE INFORMATION:   STATIC OVERLAYABLE
   CODE SIZE        =     67    ----
   CONSTANT SIZE    =   ----    ----
   XDATA SIZE       =   ----    ----
   PDATA SIZE       =   ----    ----
   DATA SIZE        =   ----       2
   IDATA SIZE       =   ----    ----
   BIT SIZE         =   ----    ----
END OF MODULE INFORMATION.


C51 COMPILATION COMPLETE.  0 WARNING(S),  0 ERROR(S)
