C51 COMPILER V9.00   AUDIO                                                                 11/08/2017 11:50:53 PAGE 1   


C51 COMPILER V9.00, COMPILATION OF MODULE AUDIO
OBJECT MODULE PLACED IN .\audio.obj
COMPILER INVOKED BY: C:\Keil_v4\C51\BIN\C51.EXE ..\HARDWARE\AUDIO\audio.c LARGE BROWSE INCDIR(..\HARDWARE\AUDIO;..\HARDW
                    -ARE\DIGITRON) DEBUG OBJECTEXTEND PRINT(.\audio.lst) OBJECT(.\audio.obj)

line level    source

   1          #include "stc12.h"
   2          #include "audio.h"
   3          #include "digitron.h"
   4          
   5          //咪头初始化函数
   6          void Audio_Init(void)
   7          {
   8   1              P1ASF = 0X01;//P1.0作为AD功能使用
   9   1              ADC_CONTR = 0XE0;//打开AD转换器电源
  10   1                                               //最快AD转换速度，每90个时钟周期转换一次
  11   1                                               //将P1.0作为ADC输入
  12   1      
  13   1              ADC_RES = 0X00;//清零AD转换结果寄存器
  14   1      }
  15          
  16          //咪头数据读取函数
  17          uchar Audio_Read(void)
  18          {
  19   1              uchar valu,ADC_FLAG;
  20   1      
  21   1              ADC_CONTR |= 0X08;//启动AD转换
  22   1      
  23   1              ADC_FLAG = (ADC_CONTR & 0X10) >> 4;//提取AD转换完成标志
  24   1      
  25   1              if(ADC_FLAG == 1)//检查是否完成转换
  26   1              {
  27   2                      ADC_CONTR &= 0XEF;//清零转换标志
  28   2      
  29   2                      valu =  ADC_RES;
  30   2              }
  31   1      
  32   1              return valu;
  33   1      }
  34          
  35          //咪头数据显示函数
  36          void Audio_Show(void)
  37          {
  38   1         uchar value;
  39   1      
  40   1         value =  Audio_Read();//读取AD数据
  41   1      
  42   1         Digi_Num(value);//在数码管中显示数据
  43   1      }


MODULE INFORMATION:   STATIC OVERLAYABLE
   CODE SIZE        =     37    ----
   CONSTANT SIZE    =   ----    ----
   XDATA SIZE       =   ----    ----
   PDATA SIZE       =   ----    ----
   DATA SIZE        =   ----    ----
   IDATA SIZE       =   ----    ----
   BIT SIZE         =   ----    ----
END OF MODULE INFORMATION.

C51 COMPILER V9.00   AUDIO                                                                 11/08/2017 11:50:53 PAGE 2   


C51 COMPILATION COMPLETE.  0 WARNING(S),  0 ERROR(S)
