C51 COMPILER V9.00   BORN                                                                  11/09/2017 20:53:13 PAGE 1   


C51 COMPILER V9.00, COMPILATION OF MODULE BORN
OBJECT MODULE PLACED IN .\born.obj
COMPILER INVOKED BY: C:\Keil_v4\C51\BIN\C51.EXE ..\HARDWARE\BORN\born.c BROWSE INCDIR(..\HARDWARE\BORN;..\HARDWARE\DIGIT
                    -RON) DEBUG OBJECTEXTEND PRINT(.\born.lst) OBJECT(.\born.obj)

line level    source

   1          #include "stc12.h"
   2          #include "born.h"
   3          #include "digitron.h"
   4          
   5          /*---------------------
   6          53-低音1    26-中音1     
   7          50-低音1#   25-中音1#    
   8          47-低音2        24-中音2         
   9          44-低音2#   23-中音2#    
  10          42-低音3        21-中音3        
  11          40-低音4        20-中音4        
  12          38-低音4#   19-中音4#    
  13          36-低音5        17-中音5        
  14          34-低音5#   16-中音5#    
  15          32-低音6        15-中音6         
  16          30-低音6#   14-中音6#
  17          28-低音7        13-中音7         
  18          ----------------------*/
  19          
  20          //模拟正弦波所需的数组
  21          uchar code music_table[] = 
  22          {
  23          0X80,0X54,0X2E,0X0F,0X00,
  24          0X00,0X0F,0X2E,0X54,0X80,
  25          0XAB,0XD2,0XEE,0XFF,0XFF,
  26          0XEE,0XD2,0XAB
  27          };
  28          
  29          //喇叭初始化函数
  30          void Born_Init(void)
  31          {
  32   1              CCON = 0X00;//初始化CCON
  33   1                                //关闭PCA计数器
  34   1                                //清除PCA阵列溢出标志位CF
  35   1                                //清除模块0、模块1中断标志位CCF0、CCF1
  36   1      
  37   1              AUXR1 = 0X7F;//翻转，在P4.2输出
  38   1      
  39   1              CL = 0;//清零计数器
  40   1              CH = 0;
  41   1      
  42   1              CMOD = 0X08;//设置PCA工作模式
  43   1                              //空闲模式下PCA计数器继续工作
  44   1                                      // PCA计数器计数频率为12MHz
  45   1                                      //关闭PCA计数器溢出中断
  46   1      
  47   1              CCAP0H = CCAP0L = 0X80;//PWM0输出频率为46K,占空比为50%的PWM信号
  48   1      
  49   1              CCAPM0 = 0X42;//模块0为PWM输出0模式                                  
  50   1                                        //没有PCA中断
  51   1      
  52   1              CR = 1;//启动PCA计数器
  53   1              EN = 0;
  54   1      }
C51 COMPILER V9.00   BORN                                                                  11/09/2017 20:53:13 PAGE 2   

  55          
  56          //音调函数
  57          //pit控制音调，取值范围为上方注释中的值
  58          void Pitch(uint pit)
  59          {
  60   1              uint x,y;
  61   1      
  62   1              y = BEAT;
  63   1      
  64   1              while(y--)
  65   1              {
  66   2                      for(x = 0;x < 17;x++)
  67   2                      {
  68   3                              CCAP0H = CCAP0L = music_table[x];
  69   3                              Delay_4us(pit);
  70   3                      }
  71   2              }
  72   1      }
  73          
  74          //演奏音乐函数
  75          //型参为音乐数组名字
  76          void Music(uint *musictable)
  77          {
  78   1              uint x;
  79   1      
  80   1              for(x = 0;musictable[x] != 255;x++)
  81   1              {
  82   2                      Pitch(musictable[x]);
  83   2              }
  84   1      }
  85          
  86          void Start_Music(void)
  87          {
  88   1              Pitch(26);
  89   1              Delay_ms(1);
  90   1              Pitch(24);
  91   1              Delay_ms(1);
  92   1              Pitch(21);
  93   1              Delay_ms(1);
  94   1      }
  95          
  96          //4us延时函数
  97          void Delay_4us(uint z)
  98          {
  99   1              while(z--);
 100   1      }


MODULE INFORMATION:   STATIC OVERLAYABLE
   CODE SIZE        =    200    ----
   CONSTANT SIZE    =     18    ----
   XDATA SIZE       =   ----    ----
   PDATA SIZE       =   ----    ----
   DATA SIZE        =   ----      11
   IDATA SIZE       =   ----    ----
   BIT SIZE         =   ----    ----
END OF MODULE INFORMATION.


C51 COMPILATION COMPLETE.  0 WARNING(S),  0 ERROR(S)
