C51 COMPILER V9.00   DIGITRON                                                              11/09/2017 21:03:33 PAGE 1   


C51 COMPILER V9.00, COMPILATION OF MODULE DIGITRON
OBJECT MODULE PLACED IN .\digitron.obj
COMPILER INVOKED BY: C:\Keil_v4\C51\BIN\C51.EXE ..\HARDWARE\DIGITRON\digitron.c BROWSE INCDIR(..\HARDWARE\BORN;..\HARDWA
                    -RE\DIGITRON) DEBUG OBJECTEXTEND PRINT(.\digitron.lst) OBJECT(.\digitron.obj)

line level    source

   1          #include "stc12.h"
   2          #include "digitron.h"
   3          
   4          /*---------------------------------
   5          编号-显示    编号-显示    编号-显示
   6           0  - 0           12 - C           24 - O
   7           1      - 1               13 - D           25 - P
   8           2      - 2               14 - E           26 - Q
   9           3      - 3               15 - F           27 - R
  10           4      - 4               16 - G           28 - S
  11           5      - 5               17 - H           29 - T
  12           6      - 6               18 - I           30 - U
  13           7      - 7               19 - J           31 - V
  14           8      - 8               20 - K           32 - W
  15           9      - 9               21 - L           33 - X
  16           10     - A               22 - M           34 - Y
  17           11     - B               23 - N           35 - Z
  18          ----------------------------------*/
  19          
  20          //8段数码管段选码
  21          uchar code table[] = 
  22          {
  23          0XC0,0XF9,0XA4,0XB0,
  24          0X99,0X92,0X82,0XF8,
  25          0X80,0X90,0X88,0X83,
  26          0XC6,0XA1,0X86,0X8E,
  27          0X86,0XC7
  28          };
  29          
  30          //米字数码管段选1
  31          uchar code table1[] = 
  32          {
  33          0XC0,0XF9,0XE4,0X39,0XD9,0XD2,
  34          0X3D,0X07,0XC0,0XD0,0XC8,0XC3,   
  35          0XC6,0XE1,0XC6,0XCE,0XC2,0XC9,          
  36          0XF6,0XFF,0XFF,0XC7,0XC9,0XC9,          
  37          0XC0,0XCC,0XC0,0XCC,0XD2,0XFE,          
  38          0XC1,0XFF,0XC9,0XFF,0XFF,0XF6   
  39          };
  40          
  41          //米字数码管段选2
  42          uchar code table2[] = 
  43          {
  44          0XFF,0XFF,0XE7,0XE7,0XE7,0XE7,
  45          0XE7,0XFF,0XE7,0XE7,0XE7,0XE7,                  
  46          0XFF,0XE7,0XE7,0XE7,0XDF,0XE7,
  47          0XBD,0XFF,0X39,0XFF,0XF9,0X7E,
  48          0XFF,0XE7,0XEF,0X67,0XE7,0XBD,
  49          0XFF,0XFF,0X5F,0X5C,0XBA,0XDB
  50          };
  51          
  52          void Digi_Init(void)
  53          {
  54   1              P4SW = 0X30;
C51 COMPILER V9.00   DIGITRON                                                              11/09/2017 21:03:33 PAGE 2   

  55   1      }
  56          
  57          //数码管动态按位显示函数
  58          //a、b、c、d分别为从左到右4个数码管的4个位选，1有效
  59          //num1、num2、num3、num4分别为四个数码管的段选，其中num1取值范围为0~35，num2、num3、num4取值范围分别为0~15
  60          void Digi_Show(uchar a,uchar num1,uchar b,uchar num2,uchar c,uchar num3,uchar d,uchar num4)
  61          {
  62   1              DIG1 = !a;
  63   1              DIG2 = 1;
  64   1              DIG3 = 1;
  65   1              DIG4 = 1;               
  66   1      
  67   1              EN1 = 1;
  68   1              P2 = table1[num1];
  69   1              EN1 = 0;
  70   1              
  71   1              Delay_ms(2);
  72   1      
  73   1              EN2 = 1;
  74   1              P2 = table2[num1];
  75   1              EN2 = 0;
  76   1      
  77   1              Delay_ms(2);
  78   1      
  79   1              DIG1 = 1;
  80   1              DIG2 = !b;
  81   1              DIG3 = 1;
  82   1              DIG4 = 1;
  83   1      
  84   1              EN1 = 1;
  85   1              P2 = table[num2];
  86   1              EN1 = 0;
  87   1              
  88   1              Delay_ms(2);
  89   1      
  90   1              DIG1 = 1;
  91   1              DIG2 = 1;
  92   1              DIG3 = !c;
  93   1              DIG4 = 1;
  94   1      
  95   1              EN1 = 1;
  96   1              P2 = table[num3];
  97   1              EN1 = 0;
  98   1      
  99   1              Delay_ms(2);
 100   1      
 101   1              DIG1 = 1;
 102   1              DIG2 = 1;
 103   1              DIG3 = 1;
 104   1              DIG4 = !d;
 105   1      
 106   1              EN1 = 1;
 107   1              P2 = table[num4];
 108   1              EN1 = 0;
 109   1      
 110   1              Delay_ms(2);
 111   1      }
 112          
 113          //数码管整数显示函数
 114          //给函数一个变量，能在数码管上显示出来
 115          //变量取值范围：0~9999
 116          void Digi_Num(uint num)
C51 COMPILER V9.00   DIGITRON                                                              11/09/2017 21:03:33 PAGE 3   

 117          {
 118   1              uchar a,b,c,d;//从num分离出来的千位、百位、十位和个位
 119   1              
 120   1              if((num > 0) || (num < 9999))
 121   1              {
 122   2                      a = num / 1000;
 123   2                      b = num % 1000 / 100;
 124   2                      c = num % 1000 % 100 / 10;
 125   2                      d = num % 1000 % 100 % 10;
 126   2      
 127   2                      Digi_Show(1,a,1,b,1,c,1,d);
 128   2              }
 129   1              else
 130   1                      Digi_Show(1,9,1,9,1,9,1,9);     
 131   1      }
 132          
 133          void Digi_Start(void)
 134          {
 135   1              uint time;
 136   1              time = 10;
 137   1              while(time--)
 138   1              {
 139   2                      Digi_Show(1,32,0,16,0,16,0,17);
 140   2              }
 141   1              time = 10;
 142   1              while(time--)
 143   1              {
 144   2                      Digi_Show(1,32,1,16,0,17,0,17);
 145   2              }
 146   1              time = 10;
 147   1              while(time--)
 148   1              {
 149   2                      Digi_Show(1,32,1,16,1,17,0,17);
 150   2              }
 151   1              time = 10;
 152   1              while(time--)
 153   1              {
 154   2                      Digi_Show(1,32,1,16,1,17,1,17);
 155   2              }
 156   1      }
 157          
 158          //毫秒延时函数，误差2us
 159          void Delay_ms(uint z)
 160          {
 161   1              uint x,y;
 162   1      
 163   1              for(x = z;x > 0;x--)
 164   1                      for(y = 921;y > 0;y--);
 165   1      }


MODULE INFORMATION:   STATIC OVERLAYABLE
   CODE SIZE        =    500    ----
   CONSTANT SIZE    =     90    ----
   XDATA SIZE       =   ----    ----
   PDATA SIZE       =   ----    ----
   DATA SIZE        =   ----      13
   IDATA SIZE       =   ----    ----
   BIT SIZE         =   ----    ----
END OF MODULE INFORMATION.


C51 COMPILATION COMPLETE.  0 WARNING(S),  0 ERROR(S)
