C51 COMPILER V9.00   MAIN                                                                  11/10/2017 15:28:21 PAGE 1   


C51 COMPILER V9.00, COMPILATION OF MODULE MAIN
OBJECT MODULE PLACED IN main.OBJ
COMPILER INVOKED BY: C:\Keil_v4\C51\BIN\C51.EXE main.c BROWSE INCDIR(..\HARDWARE\BORN;..\HARDWARE\DIGITRON) DEBUG OBJECT
                    -EXTEND

line level    source

   1          /*------------------------*/
   2          //傀儡师实验板配套例程
   3          //实验名称：开机程序
   4          //作者：zhong
   5          //工程建立时间：2017年11月9日
   6          //最后修改时间：2017年11月9日
   7          //配套教程版本：V1.0
   8          /*------------------------*/
   9          #include "stc12.h"
  10          #include "born.h"
  11          #include "digitron.h"
  12          
  13          void main()
  14          {
  15   1              Born_Init();
  16   1              Digi_Init();
  17   1      
  18   1              Start_Music();
  19   1              EN = 1;
  20   1              Digi_Start();
  21   1      
  22   1              while(1)
  23   1              {
  24   2                      Digi_Show(1,32,1,16,1,17,1,17);         
  25   2              }
  26   1      }


MODULE INFORMATION:   STATIC OVERLAYABLE
   CODE SIZE        =     40    ----
   CONSTANT SIZE    =   ----    ----
   XDATA SIZE       =   ----    ----
   PDATA SIZE       =   ----    ----
   DATA SIZE        =   ----    ----
   IDATA SIZE       =   ----    ----
   BIT SIZE         =   ----    ----
END OF MODULE INFORMATION.


C51 COMPILATION COMPLETE.  0 WARNING(S),  0 ERROR(S)
